<?xml version="1.0" encoding="UTF-8"?>
<!-- Generated by org.testng.reporters.JUnitReportReporter -->
<testsuite skipped="0" hostname="Charles" name="ranzhi.login" tests="2" failures="0" timestamp="18 十二月 2017 09:42:03 GMT" time="328.011" errors="0">
  <testcase name="GetInBackStage" time="304.198" classname="ranzhi.login"/>
  <testcase name="AddApps1" time="23.813" classname="ranzhi.login"/>
</testsuite> <!-- ranzhi.login -->
