<?xml version="1.0" encoding="UTF-8"?>
<!-- Generated by org.testng.reporters.JUnitReportReporter -->
<testsuite skipped="0" hostname="Charles" name="ranzhi.CompanyName" tests="6" failures="0" timestamp="19 十二月 2017 08:02:15 GMT" time="114.716" errors="0">
  <testcase name="testCompanyName" time="17.254" classname="ranzhi.CompanyName"/>
  <testcase name="testCompanyName" time="16.917" classname="ranzhi.CompanyName"/>
  <testcase name="testCompanyName" time="30.283" classname="ranzhi.CompanyName"/>
  <testcase name="testCompanyName" time="16.841" classname="ranzhi.CompanyName"/>
  <testcase name="testCompanyName" time="16.699" classname="ranzhi.CompanyName"/>
  <testcase name="testCompanyName" time="16.722" classname="ranzhi.CompanyName"/>
</testsuite> <!-- ranzhi.CompanyName -->
