<?xml version="1.0" encoding="UTF-8"?>
<!-- Generated by org.testng.reporters.JUnitReportReporter -->
<testsuite skipped="14" hostname="Charles" name="ranzhi.Application" tests="15" failures="0" timestamp="19 十二月 2017 08:02:15 GMT" time="0.000" errors="1">
  <testcase name="AppPermission" time="0.000" classname="ranzhi.Application">
    <skipped/>
  </testcase> <!-- AppPermission -->
  <testcase name="AppGroup2" time="0.000" classname="ranzhi.Application">
    <skipped/>
  </testcase> <!-- AppGroup2 -->
  <testcase name="GetInBackStage" time="0.000" classname="ranzhi.Application">
    <error type="java.lang.NullPointerException">
      <![CDATA[java.lang.NullPointerException
	at ranzhi.Application.GetInBackStage(Application.java:13)
	at sun.reflect.NativeMethodAccessorImpl.invoke0(Native Method)
	at sun.reflect.NativeMethodAccessorImpl.invoke(Unknown Source)
	at sun.reflect.DelegatingMethodAccessorImpl.invoke(Unknown Source)
	at java.lang.reflect.Method.invoke(Unknown Source)
	at org.testng.internal.MethodInvocationHelper.invokeMethod(MethodInvocationHelper.java:108)
	at org.testng.internal.Invoker.invokeMethod(Invoker.java:669)
	at org.testng.internal.Invoker.invokeTestMethod(Invoker.java:877)
	at org.testng.internal.Invoker.invokeTestMethods(Invoker.java:1201)
	at org.testng.internal.TestMethodWorker.invokeTestMethods(TestMethodWorker.java:125)
	at org.testng.internal.TestMethodWorker.run(TestMethodWorker.java:109)
	at org.testng.TestRunner.privateRun(TestRunner.java:776)
	at org.testng.TestRunner.run(TestRunner.java:634)
	at org.testng.SuiteRunner.runTest(SuiteRunner.java:425)
	at org.testng.SuiteRunner.runSequentially(SuiteRunner.java:420)
	at org.testng.SuiteRunner.privateRun(SuiteRunner.java:385)
	at org.testng.SuiteRunner.run(SuiteRunner.java:334)
	at org.testng.SuiteRunnerWorker.runSuite(SuiteRunnerWorker.java:52)
	at org.testng.SuiteRunnerWorker.run(SuiteRunnerWorker.java:86)
	at org.testng.TestNG.runSuitesSequentially(TestNG.java:1318)
	at org.testng.TestNG.runSuitesLocally(TestNG.java:1243)
	at org.testng.TestNG.runSuites(TestNG.java:1161)
	at org.testng.TestNG.run(TestNG.java:1129)
	at org.testng.remote.AbstractRemoteTestNG.run(AbstractRemoteTestNG.java:114)
	at org.testng.remote.RemoteTestNG.initAndRun(RemoteTestNG.java:251)
	at org.testng.remote.RemoteTestNG.main(RemoteTestNG.java:77)
]]>
    </error>
  </testcase> <!-- GetInBackStage -->
  <testcase name="PreviewWebApp" time="0.000" classname="ranzhi.Application">
    <skipped/>
  </testcase> <!-- PreviewWebApp -->
  <testcase name="EditApp" time="0.000" classname="ranzhi.Application">
    <skipped/>
  </testcase> <!-- EditApp -->
  <testcase name="InstallWebApp" time="0.000" classname="ranzhi.Application">
    <skipped/>
  </testcase> <!-- InstallWebApp -->
  <testcase name="AddApps1" time="0.000" classname="ranzhi.Application">
    <skipped/>
  </testcase> <!-- AddApps1 -->
  <testcase name="AppStyle" time="0.000" classname="ranzhi.Application">
    <skipped/>
  </testcase> <!-- AppStyle -->
  <testcase name="WebAppInformation" time="0.000" classname="ranzhi.Application">
    <skipped/>
  </testcase> <!-- WebAppInformation -->
  <testcase name="AddApps2" time="0.000" classname="ranzhi.Application">
    <skipped/>
  </testcase> <!-- AddApps2 -->
  <testcase name="BrowseWebApp" time="0.000" classname="ranzhi.Application">
    <skipped/>
  </testcase> <!-- BrowseWebApp -->
  <testcase name="SearchWebApp" time="0.000" classname="ranzhi.Application">
    <skipped/>
  </testcase> <!-- SearchWebApp -->
  <testcase name="ScanWebAppList" time="0.000" classname="ranzhi.Application">
    <skipped/>
  </testcase> <!-- ScanWebAppList -->
  <testcase name="AppGroup1" time="0.000" classname="ranzhi.Application">
    <skipped/>
  </testcase> <!-- AppGroup1 -->
  <testcase name="WebAppPageSetting" time="0.000" classname="ranzhi.Application">
    <skipped/>
  </testcase> <!-- WebAppPageSetting -->
</testsuite> <!-- ranzhi.Application -->
