<?xml version="1.0" encoding="UTF-8"?>
<!-- Generated by org.testng.reporters.JUnitReportReporter -->
<testsuite skipped="0" hostname="Charles" name="ranzhi.login" tests="3" failures="0" timestamp="07 十二月 2017 07:06:00 GMT" time="19.003" errors="0">
  <testcase name="loginranzhi" time="9.114" classname="ranzhi.login"/>
  <testcase name="GetInBackStage" time="1.461" classname="ranzhi.login"/>
  <testcase name="groupSQ" time="8.428" classname="ranzhi.login"/>
</testsuite> <!-- ranzhi.login -->
