<?xml version="1.0" encoding="UTF-8"?>
<!-- Generated by org.testng.reporters.JUnitReportReporter -->
<testsuite skipped="0" hostname="Charles" name="ranzhi.login" tests="3" failures="0" timestamp="21 十一月 2017 03:15:23 GMT" time="23.965" errors="0">
  <testcase name="loginranzhi" time="10.548" classname="ranzhi.login"/>
  <testcase name="GetInBackStage" time="2.383" classname="ranzhi.login"/>
  <testcase name="shangjibumen" time="11.034" classname="ranzhi.login"/>
</testsuite> <!-- ranzhi.login -->
